2021-04-12 08:09:18.077  INFO 6152 --- [restartedMain] com.cg.cars.SprintCarsAppApplication     : Starting SprintCarsAppApplication using Java 15.0.2 on LIN51012033 with PID 6152 (C:\Users\abhisen\git\app\sprint-cars-app\bin\main started by abhisen in C:\Users\abhisen\git\app\sprint-cars-app)
2021-04-12 08:09:18.080  INFO 6152 --- [restartedMain] com.cg.cars.SprintCarsAppApplication     : No active profile set, falling back to default profiles: default
2021-04-12 08:09:18.195  INFO 6152 --- [restartedMain] o.s.b.devtools.restart.ChangeableUrls    : The Class-Path manifest attribute in C:\Users\abhisen\.gradle\caches\modules-2\files-2.1\com.oracle.database.jdbc\ojdbc8\19.8.0.0\df9cff9b91c47d06b9a0482d566ee2d83a03e586\ojdbc8-19.8.0.0.jar referenced one or more files that do not exist: file:/C:/Users/abhisen/.gradle/caches/modules-2/files-2.1/com.oracle.database.jdbc/ojdbc8/19.8.0.0/df9cff9b91c47d06b9a0482d566ee2d83a03e586/oraclepki.jar
2021-04-12 08:09:18.196  INFO 6152 --- [restartedMain] .e.DevToolsPropertyDefaultsPostProcessor : Devtools property defaults active! Set 'spring.devtools.add-properties' to 'false' to disable
2021-04-12 08:09:18.197  INFO 6152 --- [restartedMain] .e.DevToolsPropertyDefaultsPostProcessor : For additional web related logging consider setting the 'logging.level.web' property to 'DEBUG'
2021-04-12 08:09:19.896  INFO 6152 --- [restartedMain] .s.d.r.c.RepositoryConfigurationDelegate : Bootstrapping Spring Data JPA repositories in DEFAULT mode.
2021-04-12 08:09:20.032  INFO 6152 --- [restartedMain] .s.d.r.c.RepositoryConfigurationDelegate : Finished Spring Data repository scanning in 120 ms. Found 7 JPA repository interfaces.
2021-04-12 08:09:21.042  INFO 6152 --- [restartedMain] o.s.b.w.embedded.tomcat.TomcatWebServer  : Tomcat initialized with port(s): 8090 (http)
2021-04-12 08:09:21.057  INFO 6152 --- [restartedMain] o.apache.catalina.core.StandardService   : Starting service [Tomcat]
2021-04-12 08:09:21.058  INFO 6152 --- [restartedMain] org.apache.catalina.core.StandardEngine  : Starting Servlet engine: [Apache Tomcat/9.0.44]
2021-04-12 08:09:21.197  INFO 6152 --- [restartedMain] o.a.c.c.C.[Tomcat].[localhost].[/]       : Initializing Spring embedded WebApplicationContext
2021-04-12 08:09:21.198  INFO 6152 --- [restartedMain] w.s.c.ServletWebServerApplicationContext : Root WebApplicationContext: initialization completed in 2999 ms
2021-04-12 08:09:21.620  INFO 6152 --- [restartedMain] o.hibernate.jpa.internal.util.LogHelper  : HHH000204: Processing PersistenceUnitInfo [name: default]
2021-04-12 08:09:21.708  INFO 6152 --- [restartedMain] org.hibernate.Version                    : HHH000412: Hibernate ORM core version 5.4.29.Final
2021-04-12 08:09:21.925  INFO 6152 --- [restartedMain] o.hibernate.annotations.common.Version   : HCANN000001: Hibernate Commons Annotations {5.1.2.Final}
2021-04-12 08:09:22.067  INFO 6152 --- [restartedMain] com.zaxxer.hikari.HikariDataSource       : HikariPool-1 - Starting...
2021-04-12 08:09:22.383  INFO 6152 --- [restartedMain] com.zaxxer.hikari.HikariDataSource       : HikariPool-1 - Start completed.
2021-04-12 08:09:22.406  INFO 6152 --- [restartedMain] org.hibernate.dialect.Dialect            : HHH000400: Using dialect: org.hibernate.dialect.Oracle10gDialect
2021-04-12 08:09:23.053  WARN 6152 --- [restartedMain] org.hibernate.cfg.AnnotationBinder       : HHH000139: Illegal use of @Table in a subclass of a SINGLE_TABLE hierarchy: com.cg.cars.models.Customer
2021-04-12 08:09:23.268  INFO 6152 --- [restartedMain] org.hibernate.tuple.PojoInstantiator     : HHH000182: No default (no-argument) constructor for class: com.cg.cars.models.Appointment (class must be instantiated by Interceptor)
2021-04-12 08:09:33.180  INFO 6152 --- [restartedMain] o.h.e.t.j.p.i.JtaPlatformInitiator       : HHH000490: Using JtaPlatform implementation: [org.hibernate.engine.transaction.jta.platform.internal.NoJtaPlatform]
2021-04-12 08:09:33.196  INFO 6152 --- [restartedMain] j.LocalContainerEntityManagerFactoryBean : Initialized JPA EntityManagerFactory for persistence unit 'default'
2021-04-12 08:09:33.216  INFO 6152 --- [restartedMain] o.s.b.d.a.OptionalLiveReloadServer       : LiveReload server is running on port 35729
2021-04-12 08:09:34.124  WARN 6152 --- [restartedMain] JpaBaseConfiguration$JpaWebConfiguration : spring.jpa.open-in-view is enabled by default. Therefore, database queries may be performed during view rendering. Explicitly configure spring.jpa.open-in-view to disable this warning
2021-04-12 08:09:34.391  INFO 6152 --- [restartedMain] pertySourcedRequestMappingHandlerMapping : Mapped URL path [/v2/api-docs] onto method [springfox.documentation.swagger2.web.Swagger2Controller#getDocumentation(String, HttpServletRequest)]
2021-04-12 08:09:34.517  INFO 6152 --- [restartedMain] o.s.s.concurrent.ThreadPoolTaskExecutor  : Initializing ExecutorService 'applicationTaskExecutor'
2021-04-12 08:09:34.836  INFO 6152 --- [restartedMain] o.s.b.w.embedded.tomcat.TomcatWebServer  : Tomcat started on port(s): 8090 (http) with context path ''
2021-04-12 08:09:34.838  INFO 6152 --- [restartedMain] d.s.w.p.DocumentationPluginsBootstrapper : Context refreshed
2021-04-12 08:09:34.876  INFO 6152 --- [restartedMain] d.s.w.p.DocumentationPluginsBootstrapper : Found 1 custom documentation plugin(s)
2021-04-12 08:09:34.925  INFO 6152 --- [restartedMain] s.d.s.w.s.ApiListingReferenceScanner     : Scanning for api listing references
2021-04-12 08:09:35.268  INFO 6152 --- [restartedMain] com.cg.cars.SprintCarsAppApplication     : Started SprintCarsAppApplication in 17.813 seconds (JVM running for 18.5)
2021-04-12 08:10:27.995  INFO 11444 --- [restartedMain] com.cg.cars.SprintCarsAppApplication     : Starting SprintCarsAppApplication using Java 15.0.2 on LIN51012033 with PID 11444 (C:\Users\abhisen\git\app\sprint-cars-app\bin\main started by abhisen in C:\Users\abhisen\git\app\sprint-cars-app)
2021-04-12 08:10:27.998  INFO 11444 --- [restartedMain] com.cg.cars.SprintCarsAppApplication     : No active profile set, falling back to default profiles: default
2021-04-12 08:10:28.088  INFO 11444 --- [restartedMain] o.s.b.devtools.restart.ChangeableUrls    : The Class-Path manifest attribute in C:\Users\abhisen\.gradle\caches\modules-2\files-2.1\com.oracle.database.jdbc\ojdbc8\19.8.0.0\df9cff9b91c47d06b9a0482d566ee2d83a03e586\ojdbc8-19.8.0.0.jar referenced one or more files that do not exist: file:/C:/Users/abhisen/.gradle/caches/modules-2/files-2.1/com.oracle.database.jdbc/ojdbc8/19.8.0.0/df9cff9b91c47d06b9a0482d566ee2d83a03e586/oraclepki.jar
2021-04-12 08:10:28.089  INFO 11444 --- [restartedMain] .e.DevToolsPropertyDefaultsPostProcessor : Devtools property defaults active! Set 'spring.devtools.add-properties' to 'false' to disable
2021-04-12 08:10:28.089  INFO 11444 --- [restartedMain] .e.DevToolsPropertyDefaultsPostProcessor : For additional web related logging consider setting the 'logging.level.web' property to 'DEBUG'
2021-04-12 08:10:29.334  INFO 11444 --- [restartedMain] .s.d.r.c.RepositoryConfigurationDelegate : Bootstrapping Spring Data JPA repositories in DEFAULT mode.
2021-04-12 08:10:29.459  INFO 11444 --- [restartedMain] .s.d.r.c.RepositoryConfigurationDelegate : Finished Spring Data repository scanning in 111 ms. Found 7 JPA repository interfaces.
2021-04-12 08:10:30.374  INFO 11444 --- [restartedMain] o.s.b.w.embedded.tomcat.TomcatWebServer  : Tomcat initialized with port(s): 8090 (http)
2021-04-12 08:10:30.394  INFO 11444 --- [restartedMain] o.apache.catalina.core.StandardService   : Starting service [Tomcat]
2021-04-12 08:10:30.395  INFO 11444 --- [restartedMain] org.apache.catalina.core.StandardEngine  : Starting Servlet engine: [Apache Tomcat/9.0.44]
2021-04-12 08:10:30.535  INFO 11444 --- [restartedMain] o.a.c.c.C.[Tomcat].[localhost].[/]       : Initializing Spring embedded WebApplicationContext
2021-04-12 08:10:30.537  INFO 11444 --- [restartedMain] w.s.c.ServletWebServerApplicationContext : Root WebApplicationContext: initialization completed in 2447 ms
2021-04-12 08:10:30.916  INFO 11444 --- [restartedMain] o.hibernate.jpa.internal.util.LogHelper  : HHH000204: Processing PersistenceUnitInfo [name: default]
2021-04-12 08:10:30.986  INFO 11444 --- [restartedMain] org.hibernate.Version                    : HHH000412: Hibernate ORM core version 5.4.29.Final
2021-04-12 08:10:31.143  INFO 11444 --- [restartedMain] o.hibernate.annotations.common.Version   : HCANN000001: Hibernate Commons Annotations {5.1.2.Final}
2021-04-12 08:10:31.266  INFO 11444 --- [restartedMain] com.zaxxer.hikari.HikariDataSource       : HikariPool-1 - Starting...
2021-04-12 08:10:31.537  INFO 11444 --- [restartedMain] com.zaxxer.hikari.HikariDataSource       : HikariPool-1 - Start completed.
2021-04-12 08:10:31.555  INFO 11444 --- [restartedMain] org.hibernate.dialect.Dialect            : HHH000400: Using dialect: org.hibernate.dialect.Oracle10gDialect
2021-04-12 08:10:31.920  WARN 11444 --- [restartedMain] org.hibernate.cfg.AnnotationBinder       : HHH000139: Illegal use of @Table in a subclass of a SINGLE_TABLE hierarchy: com.cg.cars.models.Customer
2021-04-12 08:10:32.111  INFO 11444 --- [restartedMain] org.hibernate.tuple.PojoInstantiator     : HHH000182: No default (no-argument) constructor for class: com.cg.cars.models.Appointment (class must be instantiated by Interceptor)
2021-04-12 08:10:32.571  INFO 11444 --- [restartedMain] o.h.e.t.j.p.i.JtaPlatformInitiator       : HHH000490: Using JtaPlatform implementation: [org.hibernate.engine.transaction.jta.platform.internal.NoJtaPlatform]
2021-04-12 08:10:32.579  INFO 11444 --- [restartedMain] j.LocalContainerEntityManagerFactoryBean : Initialized JPA EntityManagerFactory for persistence unit 'default'
2021-04-12 08:10:32.598  INFO 11444 --- [restartedMain] o.s.b.d.a.OptionalLiveReloadServer       : LiveReload server is running on port 35729
2021-04-12 08:10:33.460  WARN 11444 --- [restartedMain] JpaBaseConfiguration$JpaWebConfiguration : spring.jpa.open-in-view is enabled by default. Therefore, database queries may be performed during view rendering. Explicitly configure spring.jpa.open-in-view to disable this warning
2021-04-12 08:10:33.741  INFO 11444 --- [restartedMain] pertySourcedRequestMappingHandlerMapping : Mapped URL path [/v2/api-docs] onto method [springfox.documentation.swagger2.web.Swagger2Controller#getDocumentation(String, HttpServletRequest)]
2021-04-12 08:10:33.871  INFO 11444 --- [restartedMain] o.s.s.concurrent.ThreadPoolTaskExecutor  : Initializing ExecutorService 'applicationTaskExecutor'
2021-04-12 08:10:34.186  INFO 11444 --- [restartedMain] o.s.b.w.embedded.tomcat.TomcatWebServer  : Tomcat started on port(s): 8090 (http) with context path ''
2021-04-12 08:10:34.187  INFO 11444 --- [restartedMain] d.s.w.p.DocumentationPluginsBootstrapper : Context refreshed
2021-04-12 08:10:34.216  INFO 11444 --- [restartedMain] d.s.w.p.DocumentationPluginsBootstrapper : Found 1 custom documentation plugin(s)
2021-04-12 08:10:34.248  INFO 11444 --- [restartedMain] s.d.s.w.s.ApiListingReferenceScanner     : Scanning for api listing references
2021-04-12 08:10:34.514  INFO 11444 --- [restartedMain] .d.s.w.r.o.CachingOperationNameGenerator : Generating unique operation named: deleteUsingDELETE_1
2021-04-12 08:10:34.549  INFO 11444 --- [restartedMain] .d.s.w.r.o.CachingOperationNameGenerator : Generating unique operation named: updateUsingPUT_1
2021-04-12 08:10:34.628  INFO 11444 --- [restartedMain] com.cg.cars.SprintCarsAppApplication     : Started SprintCarsAppApplication in 7.11 seconds (JVM running for 7.817)
2021-04-12 08:10:46.161  INFO 11444 --- [http-nio-8090-exec-1] o.a.c.c.C.[Tomcat].[localhost].[/]       : Initializing Spring DispatcherServlet 'dispatcherServlet'
2021-04-12 08:10:46.162  INFO 11444 --- [http-nio-8090-exec-1] o.s.web.servlet.DispatcherServlet        : Initializing Servlet 'dispatcherServlet'
2021-04-12 08:10:46.165  INFO 11444 --- [http-nio-8090-exec-1] o.s.web.servlet.DispatcherServlet        : Completed initialization in 2 ms
